<?xml version="1.0" encoding="UTF-8"?>
<robot generator="Robot 3.2.2 (Python 3.6.0 on darwin)" generated="20210221 21:49:04.734" rpa="false">
<suite id="s1" name="Calculator" source="/Users/otaviomedeiros/SmartBear/Projects/zephyr-scale-robot-framework-example/calculator.robot">
<kw name="Clear Calculator" type="setup">
<kw name="Clear" library="Calculator">
<status status="PASS" starttime="20210221 21:49:04.762" endtime="20210221 21:49:04.762"></status>
</kw>
<status status="PASS" starttime="20210221 21:49:04.762" endtime="20210221 21:49:04.762"></status>
</kw>
<test id="s1-t1" name="User can clear the display">
<kw name="Input Number" library="Calculator">
<arguments>
<arg>10</arg>
</arguments>
<status status="PASS" starttime="20210221 21:49:04.763" endtime="20210221 21:49:04.763"></status>
</kw>
<kw name="Press Operator" library="Calculator">
<arguments>
<arg>+</arg>
</arguments>
<status status="PASS" starttime="20210221 21:49:04.763" endtime="20210221 21:49:04.763"></status>
</kw>
<kw name="Input Number" library="Calculator">
<arguments>
<arg>1</arg>
</arguments>
<status status="PASS" starttime="20210221 21:49:04.763" endtime="20210221 21:49:04.763"></status>
</kw>
<kw name="Press clear">
<kw name="Clear" library="Calculator">
<status status="PASS" starttime="20210221 21:49:04.764" endtime="20210221 21:49:04.764"></status>
</kw>
<status status="PASS" starttime="20210221 21:49:04.764" endtime="20210221 21:49:04.764"></status>
</kw>
<kw name="Display Should Be Empty" library="Calculator">
<status status="PASS" starttime="20210221 21:49:04.764" endtime="20210221 21:49:04.764"></status>
</kw>
<kw name="Clear Calculator" type="teardown">
<kw name="Clear" library="Calculator">
<status status="PASS" starttime="20210221 21:49:04.765" endtime="20210221 21:49:04.765"></status>
</kw>
<status status="PASS" starttime="20210221 21:49:04.764" endtime="20210221 21:49:04.765"></status>
</kw>
<status status="PASS" starttime="20210221 21:49:04.762" endtime="20210221 21:49:04.765" critical="yes"></status>
</test>
<test id="s1-t2" name="User can calculate two numbers">
<kw name="Calculate two numbers should pass">
<arguments>
<arg>10</arg>
<arg>+</arg>
<arg>5</arg>
<arg>15</arg>
</arguments>
<kw name="Input Number" library="Calculator">
<arguments>
<arg>${number1}</arg>
</arguments>
<status status="PASS" starttime="20210221 21:49:04.766" endtime="20210221 21:49:04.766"></status>
</kw>
<kw name="Press Operator" library="Calculator">
<arguments>
<arg>${operator}</arg>
</arguments>
<status status="PASS" starttime="20210221 21:49:04.766" endtime="20210221 21:49:04.767"></status>
</kw>
<kw name="Input Number" library="Calculator">
<arguments>
<arg>${number2}</arg>
</arguments>
<status status="PASS" starttime="20210221 21:49:04.767" endtime="20210221 21:49:04.767"></status>
</kw>
<kw name="Press enter">
<kw name="Calculate" library="Calculator">
<status status="PASS" starttime="20210221 21:49:04.767" endtime="20210221 21:49:04.767"></status>
</kw>
<status status="PASS" starttime="20210221 21:49:04.767" endtime="20210221 21:49:04.767"></status>
</kw>
<kw name="Result Should Be" library="Calculator">
<arguments>
<arg>${result}</arg>
</arguments>
<status status="PASS" starttime="20210221 21:49:04.768" endtime="20210221 21:49:04.768"></status>
</kw>
<status status="PASS" starttime="20210221 21:49:04.766" endtime="20210221 21:49:04.768"></status>
</kw>
<kw name="Calculate two numbers should pass">
<arguments>
<arg>10</arg>
<arg>-</arg>
<arg>5</arg>
<arg>5</arg>
</arguments>
<kw name="Input Number" library="Calculator">
<arguments>
<arg>${number1}</arg>
</arguments>
<status status="PASS" starttime="20210221 21:49:04.768" endtime="20210221 21:49:04.768"></status>
</kw>
<kw name="Press Operator" library="Calculator">
<arguments>
<arg>${operator}</arg>
</arguments>
<status status="PASS" starttime="20210221 21:49:04.768" endtime="20210221 21:49:04.769"></status>
</kw>
<kw name="Input Number" library="Calculator">
<arguments>
<arg>${number2}</arg>
</arguments>
<status status="PASS" starttime="20210221 21:49:04.769" endtime="20210221 21:49:04.769"></status>
</kw>
<kw name="Press enter">
<kw name="Calculate" library="Calculator">
<status status="PASS" starttime="20210221 21:49:04.769" endtime="20210221 21:49:04.769"></status>
</kw>
<status status="PASS" starttime="20210221 21:49:04.769" endtime="20210221 21:49:04.770"></status>
</kw>
<kw name="Result Should Be" library="Calculator">
<arguments>
<arg>${result}</arg>
</arguments>
<status status="PASS" starttime="20210221 21:49:04.770" endtime="20210221 21:49:04.770"></status>
</kw>
<status status="PASS" starttime="20210221 21:49:04.768" endtime="20210221 21:49:04.770"></status>
</kw>
<kw name="Calculate two numbers should pass">
<arguments>
<arg>10</arg>
<arg>/</arg>
<arg>5</arg>
<arg>2</arg>
</arguments>
<kw name="Input Number" library="Calculator">
<arguments>
<arg>${number1}</arg>
</arguments>
<status status="PASS" starttime="20210221 21:49:04.770" endtime="20210221 21:49:04.771"></status>
</kw>
<kw name="Press Operator" library="Calculator">
<arguments>
<arg>${operator}</arg>
</arguments>
<status status="PASS" starttime="20210221 21:49:04.771" endtime="20210221 21:49:04.771"></status>
</kw>
<kw name="Input Number" library="Calculator">
<arguments>
<arg>${number2}</arg>
</arguments>
<status status="PASS" starttime="20210221 21:49:04.771" endtime="20210221 21:49:04.771"></status>
</kw>
<kw name="Press enter">
<kw name="Calculate" library="Calculator">
<status status="PASS" starttime="20210221 21:49:04.771" endtime="20210221 21:49:04.771"></status>
</kw>
<status status="PASS" starttime="20210221 21:49:04.771" endtime="20210221 21:49:04.772"></status>
</kw>
<kw name="Result Should Be" library="Calculator">
<arguments>
<arg>${result}</arg>
</arguments>
<status status="PASS" starttime="20210221 21:49:04.772" endtime="20210221 21:49:04.772"></status>
</kw>
<status status="PASS" starttime="20210221 21:49:04.770" endtime="20210221 21:49:04.772"></status>
</kw>
<kw name="Calculate two numbers should pass">
<arguments>
<arg>10</arg>
<arg>*</arg>
<arg>5</arg>
<arg>50</arg>
</arguments>
<kw name="Input Number" library="Calculator">
<arguments>
<arg>${number1}</arg>
</arguments>
<status status="PASS" starttime="20210221 21:49:04.772" endtime="20210221 21:49:04.772"></status>
</kw>
<kw name="Press Operator" library="Calculator">
<arguments>
<arg>${operator}</arg>
</arguments>
<status status="PASS" starttime="20210221 21:49:04.773" endtime="20210221 21:49:04.773"></status>
</kw>
<kw name="Input Number" library="Calculator">
<arguments>
<arg>${number2}</arg>
</arguments>
<status status="PASS" starttime="20210221 21:49:04.773" endtime="20210221 21:49:04.773"></status>
</kw>
<kw name="Press enter">
<kw name="Calculate" library="Calculator">
<status status="PASS" starttime="20210221 21:49:04.773" endtime="20210221 21:49:04.773"></status>
</kw>
<status status="PASS" starttime="20210221 21:49:04.773" endtime="20210221 21:49:04.773"></status>
</kw>
<kw name="Result Should Be" library="Calculator">
<arguments>
<arg>${result}</arg>
</arguments>
<status status="PASS" starttime="20210221 21:49:04.773" endtime="20210221 21:49:04.774"></status>
</kw>
<status status="PASS" starttime="20210221 21:49:04.772" endtime="20210221 21:49:04.774"></status>
</kw>
<kw name="Clear Calculator" type="teardown">
<kw name="Clear" library="Calculator">
<status status="PASS" starttime="20210221 21:49:04.774" endtime="20210221 21:49:04.774"></status>
</kw>
<status status="PASS" starttime="20210221 21:49:04.774" endtime="20210221 21:49:04.774"></status>
</kw>
<status status="PASS" starttime="20210221 21:49:04.765" endtime="20210221 21:49:04.774" critical="yes"></status>
</test>
<status status="PASS" starttime="20210221 21:49:04.736" endtime="20210221 21:49:04.775"></status>
</suite>
<statistics>
<total>
<stat pass="2" fail="0">Critical Tests</stat>
<stat pass="2" fail="0">All Tests</stat>
</total>
<tag>
</tag>
<suite>
<stat pass="2" fail="0" id="s1" name="Calculator">Calculator</stat>
</suite>
</statistics>
<errors>
</errors>
</robot>
