<?xml version="1.0" encoding="UTF-8"?>
<robot generator="Robot 3.2.2 (Python 3.6.0 on darwin)" generated="20210303 18:14:46.431" rpa="false">
<suite id="s1" name="Calculator" source="/Users/otaviomedeiros/SmartBear/Projects/zephyr-scale-robot-framework-example/calculator.robot">
<kw name="Clear Calculator" type="setup">
<kw name="Clear" library="Calculator">
<status status="PASS" starttime="20210303 18:14:46.451" endtime="20210303 18:14:46.451"></status>
</kw>
<status status="PASS" starttime="20210303 18:14:46.451" endtime="20210303 18:14:46.451"></status>
</kw>
<test id="s1-t1" name="User can clear the display">
<kw name="Input Number" library="Calculator">
<arguments>
<arg>10</arg>
</arguments>
<status status="PASS" starttime="20210303 18:14:46.452" endtime="20210303 18:14:46.452"></status>
</kw>
<kw name="Press Operator" library="Calculator">
<arguments>
<arg>+</arg>
</arguments>
<status status="PASS" starttime="20210303 18:14:46.452" endtime="20210303 18:14:46.452"></status>
</kw>
<kw name="Input Number" library="Calculator">
<arguments>
<arg>1</arg>
</arguments>
<status status="PASS" starttime="20210303 18:14:46.452" endtime="20210303 18:14:46.452"></status>
</kw>
<kw name="Press clear">
<kw name="Clear" library="Calculator">
<status status="PASS" starttime="20210303 18:14:46.453" endtime="20210303 18:14:46.453"></status>
</kw>
<status status="PASS" starttime="20210303 18:14:46.453" endtime="20210303 18:14:46.453"></status>
</kw>
<kw name="Display Should Be Empty" library="Calculator">
<status status="PASS" starttime="20210303 18:14:46.453" endtime="20210303 18:14:46.453"></status>
</kw>
<kw name="Clear Calculator" type="teardown">
<kw name="Clear" library="Calculator">
<status status="PASS" starttime="20210303 18:14:46.454" endtime="20210303 18:14:46.454"></status>
</kw>
<status status="PASS" starttime="20210303 18:14:46.453" endtime="20210303 18:14:46.454"></status>
</kw>
<status status="PASS" starttime="20210303 18:14:46.452" endtime="20210303 18:14:46.454" critical="yes"></status>
</test>
<test id="s1-t2" name="User can clear the display by pressing enter">
<kw name="Input Number" library="Calculator">
<arguments>
<arg>1</arg>
</arguments>
<status status="PASS" starttime="20210303 18:14:46.454" endtime="20210303 18:14:46.455"></status>
</kw>
<kw name="Press Operator" library="Calculator">
<arguments>
<arg>+</arg>
</arguments>
<status status="PASS" starttime="20210303 18:14:46.455" endtime="20210303 18:14:46.455"></status>
</kw>
<kw name="Input Number" library="Calculator">
<arguments>
<arg>1</arg>
</arguments>
<status status="PASS" starttime="20210303 18:14:46.455" endtime="20210303 18:14:46.455"></status>
</kw>
<kw name="Press enter">
<kw name="Calculate" library="Calculator">
<status status="PASS" starttime="20210303 18:14:46.455" endtime="20210303 18:14:46.455"></status>
</kw>
<status status="PASS" starttime="20210303 18:14:46.455" endtime="20210303 18:14:46.455"></status>
</kw>
<kw name="Result Should Be" library="Calculator">
<arguments>
<arg>3</arg>
</arguments>
<msg timestamp="20210303 18:14:46.457" level="FAIL">Expected result to be '3' but was '2'.</msg>
<status status="FAIL" starttime="20210303 18:14:46.456" endtime="20210303 18:14:46.457"></status>
</kw>
<kw name="Clear Calculator" type="teardown">
<kw name="Clear" library="Calculator">
<status status="PASS" starttime="20210303 18:14:46.457" endtime="20210303 18:14:46.457"></status>
</kw>
<status status="PASS" starttime="20210303 18:14:46.457" endtime="20210303 18:14:46.457"></status>
</kw>
<status status="FAIL" starttime="20210303 18:14:46.454" endtime="20210303 18:14:46.457" critical="yes">Expected result to be '3' but was '2'.</status>
</test>
<test id="s1-t3" name="User can calculate two numbers">
<kw name="Calculate two numbers should pass">
<arguments>
<arg>10</arg>
<arg>+</arg>
<arg>5</arg>
<arg>15</arg>
</arguments>
<kw name="Input Number" library="Calculator">
<arguments>
<arg>${number1}</arg>
</arguments>
<status status="PASS" starttime="20210303 18:14:46.458" endtime="20210303 18:14:46.459"></status>
</kw>
<kw name="Press Operator" library="Calculator">
<arguments>
<arg>${operator}</arg>
</arguments>
<status status="PASS" starttime="20210303 18:14:46.459" endtime="20210303 18:14:46.459"></status>
</kw>
<kw name="Input Number" library="Calculator">
<arguments>
<arg>${number2}</arg>
</arguments>
<status status="PASS" starttime="20210303 18:14:46.459" endtime="20210303 18:14:46.459"></status>
</kw>
<kw name="Press enter">
<kw name="Calculate" library="Calculator">
<status status="PASS" starttime="20210303 18:14:46.459" endtime="20210303 18:14:46.459"></status>
</kw>
<status status="PASS" starttime="20210303 18:14:46.459" endtime="20210303 18:14:46.459"></status>
</kw>
<kw name="Result Should Be" library="Calculator">
<arguments>
<arg>${result}</arg>
</arguments>
<status status="PASS" starttime="20210303 18:14:46.460" endtime="20210303 18:14:46.460"></status>
</kw>
<status status="PASS" starttime="20210303 18:14:46.458" endtime="20210303 18:14:46.460"></status>
</kw>
<kw name="Calculate two numbers should pass">
<arguments>
<arg>10</arg>
<arg>-</arg>
<arg>5</arg>
<arg>5</arg>
</arguments>
<kw name="Input Number" library="Calculator">
<arguments>
<arg>${number1}</arg>
</arguments>
<status status="PASS" starttime="20210303 18:14:46.460" endtime="20210303 18:14:46.460"></status>
</kw>
<kw name="Press Operator" library="Calculator">
<arguments>
<arg>${operator}</arg>
</arguments>
<status status="PASS" starttime="20210303 18:14:46.460" endtime="20210303 18:14:46.461"></status>
</kw>
<kw name="Input Number" library="Calculator">
<arguments>
<arg>${number2}</arg>
</arguments>
<status status="PASS" starttime="20210303 18:14:46.461" endtime="20210303 18:14:46.461"></status>
</kw>
<kw name="Press enter">
<kw name="Calculate" library="Calculator">
<status status="PASS" starttime="20210303 18:14:46.461" endtime="20210303 18:14:46.461"></status>
</kw>
<status status="PASS" starttime="20210303 18:14:46.461" endtime="20210303 18:14:46.461"></status>
</kw>
<kw name="Result Should Be" library="Calculator">
<arguments>
<arg>${result}</arg>
</arguments>
<status status="PASS" starttime="20210303 18:14:46.461" endtime="20210303 18:14:46.461"></status>
</kw>
<status status="PASS" starttime="20210303 18:14:46.460" endtime="20210303 18:14:46.461"></status>
</kw>
<kw name="Calculate two numbers should pass">
<arguments>
<arg>10</arg>
<arg>/</arg>
<arg>5</arg>
<arg>2</arg>
</arguments>
<kw name="Input Number" library="Calculator">
<arguments>
<arg>${number1}</arg>
</arguments>
<status status="PASS" starttime="20210303 18:14:46.462" endtime="20210303 18:14:46.462"></status>
</kw>
<kw name="Press Operator" library="Calculator">
<arguments>
<arg>${operator}</arg>
</arguments>
<status status="PASS" starttime="20210303 18:14:46.462" endtime="20210303 18:14:46.462"></status>
</kw>
<kw name="Input Number" library="Calculator">
<arguments>
<arg>${number2}</arg>
</arguments>
<status status="PASS" starttime="20210303 18:14:46.462" endtime="20210303 18:14:46.462"></status>
</kw>
<kw name="Press enter">
<kw name="Calculate" library="Calculator">
<status status="PASS" starttime="20210303 18:14:46.463" endtime="20210303 18:14:46.463"></status>
</kw>
<status status="PASS" starttime="20210303 18:14:46.463" endtime="20210303 18:14:46.463"></status>
</kw>
<kw name="Result Should Be" library="Calculator">
<arguments>
<arg>${result}</arg>
</arguments>
<status status="PASS" starttime="20210303 18:14:46.463" endtime="20210303 18:14:46.463"></status>
</kw>
<status status="PASS" starttime="20210303 18:14:46.462" endtime="20210303 18:14:46.463"></status>
</kw>
<kw name="Calculate two numbers should pass">
<arguments>
<arg>10</arg>
<arg>*</arg>
<arg>5</arg>
<arg>50</arg>
</arguments>
<kw name="Input Number" library="Calculator">
<arguments>
<arg>${number1}</arg>
</arguments>
<status status="PASS" starttime="20210303 18:14:46.464" endtime="20210303 18:14:46.464"></status>
</kw>
<kw name="Press Operator" library="Calculator">
<arguments>
<arg>${operator}</arg>
</arguments>
<status status="PASS" starttime="20210303 18:14:46.464" endtime="20210303 18:14:46.464"></status>
</kw>
<kw name="Input Number" library="Calculator">
<arguments>
<arg>${number2}</arg>
</arguments>
<status status="PASS" starttime="20210303 18:14:46.464" endtime="20210303 18:14:46.464"></status>
</kw>
<kw name="Press enter">
<kw name="Calculate" library="Calculator">
<status status="PASS" starttime="20210303 18:14:46.465" endtime="20210303 18:14:46.465"></status>
</kw>
<status status="PASS" starttime="20210303 18:14:46.464" endtime="20210303 18:14:46.465"></status>
</kw>
<kw name="Result Should Be" library="Calculator">
<arguments>
<arg>${result}</arg>
</arguments>
<status status="PASS" starttime="20210303 18:14:46.465" endtime="20210303 18:14:46.465"></status>
</kw>
<status status="PASS" starttime="20210303 18:14:46.463" endtime="20210303 18:14:46.465"></status>
</kw>
<kw name="Clear Calculator" type="teardown">
<kw name="Clear" library="Calculator">
<status status="PASS" starttime="20210303 18:14:46.465" endtime="20210303 18:14:46.466"></status>
</kw>
<status status="PASS" starttime="20210303 18:14:46.465" endtime="20210303 18:14:46.466"></status>
</kw>
<status status="PASS" starttime="20210303 18:14:46.458" endtime="20210303 18:14:46.466" critical="yes"></status>
</test>
<status status="FAIL" starttime="20210303 18:14:46.432" endtime="20210303 18:14:46.466"></status>
</suite>
<statistics>
<total>
<stat pass="2" fail="1">Critical Tests</stat>
<stat pass="2" fail="1">All Tests</stat>
</total>
<tag>
</tag>
<suite>
<stat pass="2" fail="1" id="s1" name="Calculator">Calculator</stat>
</suite>
</statistics>
<errors>
</errors>
</robot>
