<?xml version="1.0" encoding="UTF-8"?>
<robot generator="Robot 3.2.2 (Python 3.6.0 on darwin)" generated="20210305 18:42:01.669" rpa="false">
   <suite id="s1" name="Calculator" source="/Users/otaviomedeiros/SmartBear/Projects/zephyr-scale-robot-framework-example/calculator.robot">
      <kw name="Clear Calculator" type="setup">
         <kw name="Clear" library="Calculator">
            <status status="PASS" starttime="20210305 18:42:01.697" endtime="20210305 18:42:01.697" />
         </kw>
         <status status="PASS" starttime="20210305 18:42:01.697" endtime="20210305 18:42:01.697" />
      </kw>
      <test id="s1-t1" name="User can clear the display">
         <kw name="Input Number" library="Calculator">
            <arguments>
               <arg>10</arg>
            </arguments>
            <status status="PASS" starttime="20210305 18:42:01.698" endtime="20210305 18:42:01.698" />
         </kw>
         <kw name="Press Operator" library="Calculator">
            <arguments>
               <arg>+</arg>
            </arguments>
            <status status="PASS" starttime="20210305 18:42:01.698" endtime="20210305 18:42:01.698" />
         </kw>
         <kw name="Input Number" library="Calculator">
            <arguments>
               <arg>1</arg>
            </arguments>
            <status status="PASS" starttime="20210305 18:42:01.698" endtime="20210305 18:42:01.698" />
         </kw>
         <kw name="Press clear">
            <kw name="Clear" library="Calculator">
               <status status="PASS" starttime="20210305 18:42:01.699" endtime="20210305 18:42:01.699" />
            </kw>
            <status status="PASS" starttime="20210305 18:42:01.698" endtime="20210305 18:42:01.699" />
         </kw>
         <kw name="Display Should Be Empty" library="Calculator">
            <status status="PASS" starttime="20210305 18:42:01.699" endtime="20210305 18:42:01.699" />
         </kw>
         <kw name="Clear Calculator" type="teardown">
            <kw name="Clear" library="Calculator">
               <status status="PASS" starttime="20210305 18:42:01.700" endtime="20210305 18:42:01.700" />
            </kw>
            <status status="PASS" starttime="20210305 18:42:01.699" endtime="20210305 18:42:01.700" />
         </kw>
         <status status="PASS" starttime="20210305 18:42:01.697" endtime="20210305 18:42:01.700" critical="yes" />
      </test>
      <test id="s1-t2" name="NET-T1744 User can calculate with wrong result">
         <kw name="Input Number" library="Calculator">
            <arguments>
               <arg>1</arg>
            </arguments>
            <status status="PASS" starttime="20210305 18:42:01.700" endtime="20210305 18:42:01.701" />
         </kw>
         <kw name="Press Operator" library="Calculator">
            <arguments>
               <arg>+</arg>
            </arguments>
            <status status="PASS" starttime="20210305 18:42:01.701" endtime="20210305 18:42:01.701" />
         </kw>
         <kw name="Input Number" library="Calculator">
            <arguments>
               <arg>1</arg>
            </arguments>
            <status status="PASS" starttime="20210305 18:42:01.701" endtime="20210305 18:42:01.701" />
         </kw>
         <kw name="Press enter">
            <kw name="Calculate" library="Calculator">
               <status status="PASS" starttime="20210305 18:42:01.701" endtime="20210305 18:42:01.701" />
            </kw>
            <status status="PASS" starttime="20210305 18:42:01.701" endtime="20210305 18:42:01.702" />
         </kw>
         <kw name="Result Should Be" library="Calculator">
            <arguments>
               <arg>3</arg>
            </arguments>
            <msg timestamp="20210305 18:42:01.702" level="FAIL">Expected result to be '3' but was '2'.</msg>
            <status status="FAIL" starttime="20210305 18:42:01.702" endtime="20210305 18:42:01.702" />
         </kw>
         <kw name="Clear Calculator" type="teardown">
            <kw name="Clear" library="Calculator">
               <status status="PASS" starttime="20210305 18:42:01.703" endtime="20210305 18:42:01.703" />
            </kw>
            <status status="PASS" starttime="20210305 18:42:01.703" endtime="20210305 18:42:01.703" />
         </kw>
         <status status="FAIL" starttime="20210305 18:42:01.700" endtime="20210305 18:42:01.703" critical="yes">Expected result to be '3' but was '2'.</status>
      </test>
      <test id="s1-t3" name="User can calculate two numbers - NET-T1744">
         <kw name="Calculate two numbers should pass">
            <arguments>
               <arg>10</arg>
               <arg>+</arg>
               <arg>5</arg>
               <arg>15</arg>
            </arguments>
            <kw name="Input Number" library="Calculator">
               <arguments>
                  <arg>${number1}</arg>
               </arguments>
               <status status="PASS" starttime="20210305 18:42:01.704" endtime="20210305 18:42:01.705" />
            </kw>
            <kw name="Press Operator" library="Calculator">
               <arguments>
                  <arg>${operator}</arg>
               </arguments>
               <status status="PASS" starttime="20210305 18:42:01.705" endtime="20210305 18:42:01.705" />
            </kw>
            <kw name="Input Number" library="Calculator">
               <arguments>
                  <arg>${number2}</arg>
               </arguments>
               <status status="PASS" starttime="20210305 18:42:01.705" endtime="20210305 18:42:01.705" />
            </kw>
            <kw name="Press enter">
               <kw name="Calculate" library="Calculator">
                  <status status="PASS" starttime="20210305 18:42:01.705" endtime="20210305 18:42:01.705" />
               </kw>
               <status status="PASS" starttime="20210305 18:42:01.705" endtime="20210305 18:42:01.706" />
            </kw>
            <kw name="Result Should Be" library="Calculator">
               <arguments>
                  <arg>${result}</arg>
               </arguments>
               <status status="PASS" starttime="20210305 18:42:01.706" endtime="20210305 18:42:01.706" />
            </kw>
            <status status="PASS" starttime="20210305 18:42:01.704" endtime="20210305 18:42:01.706" />
         </kw>
         <kw name="Calculate two numbers should pass">
            <arguments>
               <arg>10</arg>
               <arg>-</arg>
               <arg>5</arg>
               <arg>5</arg>
            </arguments>
            <kw name="Input Number" library="Calculator">
               <arguments>
                  <arg>${number1}</arg>
               </arguments>
               <status status="PASS" starttime="20210305 18:42:01.706" endtime="20210305 18:42:01.707" />
            </kw>
            <kw name="Press Operator" library="Calculator">
               <arguments>
                  <arg>${operator}</arg>
               </arguments>
               <status status="PASS" starttime="20210305 18:42:01.707" endtime="20210305 18:42:01.707" />
            </kw>
            <kw name="Input Number" library="Calculator">
               <arguments>
                  <arg>${number2}</arg>
               </arguments>
               <status status="PASS" starttime="20210305 18:42:01.707" endtime="20210305 18:42:01.707" />
            </kw>
            <kw name="Press enter">
               <kw name="Calculate" library="Calculator">
                  <status status="PASS" starttime="20210305 18:42:01.707" endtime="20210305 18:42:01.707" />
               </kw>
               <status status="PASS" starttime="20210305 18:42:01.707" endtime="20210305 18:42:01.708" />
            </kw>
            <kw name="Result Should Be" library="Calculator">
               <arguments>
                  <arg>${result}</arg>
               </arguments>
               <status status="PASS" starttime="20210305 18:42:01.708" endtime="20210305 18:42:01.708" />
            </kw>
            <status status="PASS" starttime="20210305 18:42:01.706" endtime="20210305 18:42:01.708" />
         </kw>
         <kw name="Calculate two numbers should pass">
            <arguments>
               <arg>10</arg>
               <arg>/</arg>
               <arg>5</arg>
               <arg>2</arg>
            </arguments>
            <kw name="Input Number" library="Calculator">
               <arguments>
                  <arg>${number1}</arg>
               </arguments>
               <status status="PASS" starttime="20210305 18:42:01.708" endtime="20210305 18:42:01.709" />
            </kw>
            <kw name="Press Operator" library="Calculator">
               <arguments>
                  <arg>${operator}</arg>
               </arguments>
               <status status="PASS" starttime="20210305 18:42:01.709" endtime="20210305 18:42:01.709" />
            </kw>
            <kw name="Input Number" library="Calculator">
               <arguments>
                  <arg>${number2}</arg>
               </arguments>
               <status status="PASS" starttime="20210305 18:42:01.709" endtime="20210305 18:42:01.709" />
            </kw>
            <kw name="Press enter">
               <kw name="Calculate" library="Calculator">
                  <status status="PASS" starttime="20210305 18:42:01.709" endtime="20210305 18:42:01.709" />
               </kw>
               <status status="PASS" starttime="20210305 18:42:01.709" endtime="20210305 18:42:01.710" />
            </kw>
            <kw name="Result Should Be" library="Calculator">
               <arguments>
                  <arg>${result}</arg>
               </arguments>
               <status status="PASS" starttime="20210305 18:42:01.710" endtime="20210305 18:42:01.710" />
            </kw>
            <status status="PASS" starttime="20210305 18:42:01.708" endtime="20210305 18:42:01.710" />
         </kw>
         <kw name="Calculate two numbers should pass">
            <arguments>
               <arg>10</arg>
               <arg>*</arg>
               <arg>5</arg>
               <arg>50</arg>
            </arguments>
            <kw name="Input Number" library="Calculator">
               <arguments>
                  <arg>${number1}</arg>
               </arguments>
               <status status="PASS" starttime="20210305 18:42:01.710" endtime="20210305 18:42:01.711" />
            </kw>
            <kw name="Press Operator" library="Calculator">
               <arguments>
                  <arg>${operator}</arg>
               </arguments>
               <status status="PASS" starttime="20210305 18:42:01.711" endtime="20210305 18:42:01.711" />
            </kw>
            <kw name="Input Number" library="Calculator">
               <arguments>
                  <arg>${number2}</arg>
               </arguments>
               <status status="PASS" starttime="20210305 18:42:01.711" endtime="20210305 18:42:01.711" />
            </kw>
            <kw name="Press enter">
               <kw name="Calculate" library="Calculator">
                  <status status="PASS" starttime="20210305 18:42:01.711" endtime="20210305 18:42:01.712" />
               </kw>
               <status status="PASS" starttime="20210305 18:42:01.711" endtime="20210305 18:42:01.712" />
            </kw>
            <kw name="Result Should Be" library="Calculator">
               <arguments>
                  <arg>${result}</arg>
               </arguments>
               <status status="PASS" starttime="20210305 18:42:01.712" endtime="20210305 18:42:01.712" />
            </kw>
            <status status="PASS" starttime="20210305 18:42:01.710" endtime="20210305 18:42:01.712" />
         </kw>
         <kw name="Clear Calculator" type="teardown">
            <kw name="Clear" library="Calculator">
               <status status="PASS" starttime="20210305 18:42:01.712" endtime="20210305 18:42:01.713" />
            </kw>
            <status status="PASS" starttime="20210305 18:42:01.712" endtime="20210305 18:42:01.713" />
         </kw>
         <status status="PASS" starttime="20210305 18:42:01.704" endtime="20210305 18:42:01.713" critical="yes" />
      </test>
      <status status="FAIL" starttime="20210305 18:42:01.671" endtime="20210305 18:42:01.713" />
   </suite>
   <statistics>
      <total>
         <stat pass="2" fail="1">Critical Tests</stat>
         <stat pass="2" fail="1">All Tests</stat>
      </total>
      <tag />
      <suite>
         <stat pass="2" fail="1" id="s1" name="Calculator">Calculator</stat>
      </suite>
   </statistics>
   <errors />
</robot>