<?xml version="1.0" encoding="UTF-8"?>
<robot generator="Robot 3.2.2 (Python 3.6.0 on darwin)" generated="20210303 19:11:39.280" rpa="false">
   <suite id="s1" name="Calculator" source="/Users/otaviomedeiros/SmartBear/Projects/zephyr-scale-robot-framework-example/calculator.robot">
      <kw name="Clear Calculator" type="setup">
         <kw name="Clear" library="Calculator">
            <status status="PASS" starttime="20210303 19:11:39.308" endtime="20210303 19:11:39.308" />
         </kw>
         <status status="PASS" starttime="20210303 19:11:39.308" endtime="20210303 19:11:39.309" />
      </kw>
      <test id="s1-t1" name="User can clear the display">
         <kw name="Input Number" library="Calculator">
            <arguments>
               <arg>10</arg>
            </arguments>
            <status status="PASS" starttime="20210303 19:11:39.309" endtime="20210303 19:11:39.309" />
         </kw>
         <kw name="Press Operator" library="Calculator">
            <arguments>
               <arg>+</arg>
            </arguments>
            <status status="PASS" starttime="20210303 19:11:39.309" endtime="20210303 19:11:39.310" />
         </kw>
         <kw name="Input Number" library="Calculator">
            <arguments>
               <arg>1</arg>
            </arguments>
            <status status="PASS" starttime="20210303 19:11:39.310" endtime="20210303 19:11:39.310" />
         </kw>
         <kw name="Press clear">
            <kw name="Clear" library="Calculator">
               <status status="PASS" starttime="20210303 19:11:39.310" endtime="20210303 19:11:39.310" />
            </kw>
            <status status="PASS" starttime="20210303 19:11:39.310" endtime="20210303 19:11:39.310" />
         </kw>
         <kw name="Display Should Be Empty" library="Calculator">
            <status status="PASS" starttime="20210303 19:11:39.311" endtime="20210303 19:11:39.311" />
         </kw>
         <kw name="Clear Calculator" type="teardown">
            <kw name="Clear" library="Calculator">
               <status status="PASS" starttime="20210303 19:11:39.311" endtime="20210303 19:11:39.311" />
            </kw>
            <status status="PASS" starttime="20210303 19:11:39.311" endtime="20210303 19:11:39.311" />
         </kw>
         <status status="PASS" starttime="20210303 19:11:39.309" endtime="20210303 19:11:39.312" critical="yes" />
      </test>
      <test id="s1-t2" name="User can calculate with wrong result">
         <kw name="Input Number" library="Calculator">
            <arguments>
               <arg>1</arg>
            </arguments>
            <status status="PASS" starttime="20210303 19:11:39.312" endtime="20210303 19:11:39.312" />
         </kw>
         <kw name="Press Operator" library="Calculator">
            <arguments>
               <arg>+</arg>
            </arguments>
            <status status="PASS" starttime="20210303 19:11:39.312" endtime="20210303 19:11:39.313" />
         </kw>
         <kw name="Input Number" library="Calculator">
            <arguments>
               <arg>1</arg>
            </arguments>
            <status status="PASS" starttime="20210303 19:11:39.313" endtime="20210303 19:11:39.313" />
         </kw>
         <kw name="Press enter">
            <kw name="Calculate" library="Calculator">
               <status status="PASS" starttime="20210303 19:11:39.313" endtime="20210303 19:11:39.313" />
            </kw>
            <status status="PASS" starttime="20210303 19:11:39.313" endtime="20210303 19:11:39.313" />
         </kw>
         <kw name="Result Should Be" library="Calculator">
            <arguments>
               <arg>3</arg>
            </arguments>
            <msg timestamp="20210303 19:11:39.314" level="FAIL">Expected result to be '3' but was '2'.</msg>
            <status status="FAIL" starttime="20210303 19:11:39.314" endtime="20210303 19:11:39.314" />
         </kw>
         <kw name="Clear Calculator" type="teardown">
            <kw name="Clear" library="Calculator">
               <status status="PASS" starttime="20210303 19:11:39.315" endtime="20210303 19:11:39.315" />
            </kw>
            <status status="PASS" starttime="20210303 19:11:39.315" endtime="20210303 19:11:39.315" />
         </kw>
         <status status="FAIL" starttime="20210303 19:11:39.312" endtime="20210303 19:11:39.315" critical="yes">Expected result to be '3' but was '2'.</status>
      </test>
      <test id="s1-t3" name="User can calculate two numbers">
         <kw name="Calculate two numbers should pass">
            <arguments>
               <arg>10</arg>
               <arg>+</arg>
               <arg>5</arg>
               <arg>15</arg>
            </arguments>
            <kw name="Input Number" library="Calculator">
               <arguments>
                  <arg>${number1}</arg>
               </arguments>
               <status status="PASS" starttime="20210303 19:11:39.316" endtime="20210303 19:11:39.317" />
            </kw>
            <kw name="Press Operator" library="Calculator">
               <arguments>
                  <arg>${operator}</arg>
               </arguments>
               <status status="PASS" starttime="20210303 19:11:39.317" endtime="20210303 19:11:39.317" />
            </kw>
            <kw name="Input Number" library="Calculator">
               <arguments>
                  <arg>${number2}</arg>
               </arguments>
               <status status="PASS" starttime="20210303 19:11:39.317" endtime="20210303 19:11:39.317" />
            </kw>
            <kw name="Press enter">
               <kw name="Calculate" library="Calculator">
                  <status status="PASS" starttime="20210303 19:11:39.318" endtime="20210303 19:11:39.318" />
               </kw>
               <status status="PASS" starttime="20210303 19:11:39.317" endtime="20210303 19:11:39.318" />
            </kw>
            <kw name="Result Should Be" library="Calculator">
               <arguments>
                  <arg>${result}</arg>
               </arguments>
               <status status="PASS" starttime="20210303 19:11:39.318" endtime="20210303 19:11:39.318" />
            </kw>
            <status status="PASS" starttime="20210303 19:11:39.316" endtime="20210303 19:11:39.318" />
         </kw>
         <kw name="Calculate two numbers should pass">
            <arguments>
               <arg>10</arg>
               <arg>-</arg>
               <arg>5</arg>
               <arg>5</arg>
            </arguments>
            <kw name="Input Number" library="Calculator">
               <arguments>
                  <arg>${number1}</arg>
               </arguments>
               <status status="PASS" starttime="20210303 19:11:39.319" endtime="20210303 19:11:39.319" />
            </kw>
            <kw name="Press Operator" library="Calculator">
               <arguments>
                  <arg>${operator}</arg>
               </arguments>
               <status status="PASS" starttime="20210303 19:11:39.319" endtime="20210303 19:11:39.319" />
            </kw>
            <kw name="Input Number" library="Calculator">
               <arguments>
                  <arg>${number2}</arg>
               </arguments>
               <status status="PASS" starttime="20210303 19:11:39.319" endtime="20210303 19:11:39.319" />
            </kw>
            <kw name="Press enter">
               <kw name="Calculate" library="Calculator">
                  <status status="PASS" starttime="20210303 19:11:39.320" endtime="20210303 19:11:39.320" />
               </kw>
               <status status="PASS" starttime="20210303 19:11:39.319" endtime="20210303 19:11:39.320" />
            </kw>
            <kw name="Result Should Be" library="Calculator">
               <arguments>
                  <arg>${result}</arg>
               </arguments>
               <status status="PASS" starttime="20210303 19:11:39.320" endtime="20210303 19:11:39.320" />
            </kw>
            <status status="PASS" starttime="20210303 19:11:39.318" endtime="20210303 19:11:39.320" />
         </kw>
         <kw name="Calculate two numbers should pass">
            <arguments>
               <arg>10</arg>
               <arg>/</arg>
               <arg>5</arg>
               <arg>2</arg>
            </arguments>
            <kw name="Input Number" library="Calculator">
               <arguments>
                  <arg>${number1}</arg>
               </arguments>
               <status status="PASS" starttime="20210303 19:11:39.321" endtime="20210303 19:11:39.321" />
            </kw>
            <kw name="Press Operator" library="Calculator">
               <arguments>
                  <arg>${operator}</arg>
               </arguments>
               <status status="PASS" starttime="20210303 19:11:39.321" endtime="20210303 19:11:39.321" />
            </kw>
            <kw name="Input Number" library="Calculator">
               <arguments>
                  <arg>${number2}</arg>
               </arguments>
               <status status="PASS" starttime="20210303 19:11:39.321" endtime="20210303 19:11:39.321" />
            </kw>
            <kw name="Press enter">
               <kw name="Calculate" library="Calculator">
                  <status status="PASS" starttime="20210303 19:11:39.322" endtime="20210303 19:11:39.322" />
               </kw>
               <status status="PASS" starttime="20210303 19:11:39.321" endtime="20210303 19:11:39.322" />
            </kw>
            <kw name="Result Should Be" library="Calculator">
               <arguments>
                  <arg>${result}</arg>
               </arguments>
               <status status="PASS" starttime="20210303 19:11:39.322" endtime="20210303 19:11:39.322" />
            </kw>
            <status status="PASS" starttime="20210303 19:11:39.320" endtime="20210303 19:11:39.322" />
         </kw>
         <kw name="Calculate two numbers should pass">
            <arguments>
               <arg>10</arg>
               <arg>*</arg>
               <arg>5</arg>
               <arg>50</arg>
            </arguments>
            <kw name="Input Number" library="Calculator">
               <arguments>
                  <arg>${number1}</arg>
               </arguments>
               <status status="PASS" starttime="20210303 19:11:39.323" endtime="20210303 19:11:39.323" />
            </kw>
            <kw name="Press Operator" library="Calculator">
               <arguments>
                  <arg>${operator}</arg>
               </arguments>
               <status status="PASS" starttime="20210303 19:11:39.323" endtime="20210303 19:11:39.323" />
            </kw>
            <kw name="Input Number" library="Calculator">
               <arguments>
                  <arg>${number2}</arg>
               </arguments>
               <status status="PASS" starttime="20210303 19:11:39.323" endtime="20210303 19:11:39.323" />
            </kw>
            <kw name="Press enter">
               <kw name="Calculate" library="Calculator">
                  <status status="PASS" starttime="20210303 19:11:39.324" endtime="20210303 19:11:39.324" />
               </kw>
               <status status="PASS" starttime="20210303 19:11:39.323" endtime="20210303 19:11:39.324" />
            </kw>
            <kw name="Result Should Be" library="Calculator">
               <arguments>
                  <arg>${result}</arg>
               </arguments>
               <status status="PASS" starttime="20210303 19:11:39.324" endtime="20210303 19:11:39.324" />
            </kw>
            <status status="PASS" starttime="20210303 19:11:39.322" endtime="20210303 19:11:39.324" />
         </kw>
         <kw name="Clear Calculator" type="teardown">
            <kw name="Clear" library="Calculator">
               <status status="PASS" starttime="20210303 19:11:39.325" endtime="20210303 19:11:39.325" />
            </kw>
            <status status="PASS" starttime="20210303 19:11:39.324" endtime="20210303 19:11:39.325" />
         </kw>
         <status status="PASS" starttime="20210303 19:11:39.316" endtime="20210303 19:11:39.325" critical="yes" />
      </test>
      <status status="FAIL" starttime="20210303 19:11:39.281" endtime="20210303 19:11:39.325" />
   </suite>
   <statistics>
      <total>
         <stat pass="2" fail="1">Critical Tests</stat>
         <stat pass="2" fail="1">All Tests</stat>
      </total>
      <tag />
      <suite>
         <stat pass="2" fail="1" id="s1" name="Calculator">Calculator</stat>
      </suite>
   </statistics>
   <errors />
</robot>