<?xml version="1.0" encoding="UTF-8"?>
<robot generator="Robot 3.2.2 (Python 3.6.0 on darwin)" generated="20210303 18:39:52.229" rpa="false">
<suite id="s1" name="Calculator" source="/Users/otaviomedeiros/SmartBear/Projects/zephyr-scale-robot-framework-example/calculator.robot">
<kw name="Clear Calculator" type="setup">
<kw name="Clear" library="Calculator">
<status status="PASS" starttime="20210303 18:39:52.256" endtime="20210303 18:39:52.256"></status>
</kw>
<status status="PASS" starttime="20210303 18:39:52.256" endtime="20210303 18:39:52.256"></status>
</kw>
<test id="s1-t1" name="User can clear the display">
<kw name="Input Number" library="Calculator">
<arguments>
<arg>10</arg>
</arguments>
<status status="PASS" starttime="20210303 18:39:52.257" endtime="20210303 18:39:52.257"></status>
</kw>
<kw name="Press Operator" library="Calculator">
<arguments>
<arg>+</arg>
</arguments>
<status status="PASS" starttime="20210303 18:39:52.257" endtime="20210303 18:39:52.257"></status>
</kw>
<kw name="Input Number" library="Calculator">
<arguments>
<arg>1</arg>
</arguments>
<status status="PASS" starttime="20210303 18:39:52.257" endtime="20210303 18:39:52.257"></status>
</kw>
<kw name="Press clear">
<kw name="Clear" library="Calculator">
<status status="PASS" starttime="20210303 18:39:52.258" endtime="20210303 18:39:52.258"></status>
</kw>
<status status="PASS" starttime="20210303 18:39:52.257" endtime="20210303 18:39:52.258"></status>
</kw>
<kw name="Display Should Be Empty" library="Calculator">
<status status="PASS" starttime="20210303 18:39:52.258" endtime="20210303 18:39:52.258"></status>
</kw>
<kw name="Clear Calculator" type="teardown">
<kw name="Clear" library="Calculator">
<status status="PASS" starttime="20210303 18:39:52.259" endtime="20210303 18:39:52.259"></status>
</kw>
<status status="PASS" starttime="20210303 18:39:52.258" endtime="20210303 18:39:52.259"></status>
</kw>
<status status="PASS" starttime="20210303 18:39:52.256" endtime="20210303 18:39:52.259" critical="yes"></status>
</test>
<test id="s1-t2" name="User can calculate with wrong result">
<kw name="Input Number" library="Calculator">
<arguments>
<arg>1</arg>
</arguments>
<status status="PASS" starttime="20210303 18:39:52.259" endtime="20210303 18:39:52.260"></status>
</kw>
<kw name="Press Operator" library="Calculator">
<arguments>
<arg>+</arg>
</arguments>
<status status="PASS" starttime="20210303 18:39:52.260" endtime="20210303 18:39:52.260"></status>
</kw>
<kw name="Input Number" library="Calculator">
<arguments>
<arg>1</arg>
</arguments>
<status status="PASS" starttime="20210303 18:39:52.260" endtime="20210303 18:39:52.260"></status>
</kw>
<kw name="Press enter">
<kw name="Calculate" library="Calculator">
<status status="PASS" starttime="20210303 18:39:52.260" endtime="20210303 18:39:52.261"></status>
</kw>
<status status="PASS" starttime="20210303 18:39:52.260" endtime="20210303 18:39:52.261"></status>
</kw>
<kw name="Result Should Be" library="Calculator">
<arguments>
<arg>3</arg>
</arguments>
<msg timestamp="20210303 18:39:52.262" level="FAIL">Expected result to be '3' but was '2'.</msg>
<status status="FAIL" starttime="20210303 18:39:52.261" endtime="20210303 18:39:52.262"></status>
</kw>
<kw name="Clear Calculator" type="teardown">
<kw name="Clear" library="Calculator">
<status status="PASS" starttime="20210303 18:39:52.263" endtime="20210303 18:39:52.263"></status>
</kw>
<status status="PASS" starttime="20210303 18:39:52.262" endtime="20210303 18:39:52.263"></status>
</kw>
<status status="FAIL" starttime="20210303 18:39:52.259" endtime="20210303 18:39:52.263" critical="yes">Expected result to be '3' but was '2'.</status>
</test>
<test id="s1-t3" name="User can calculate two numbers">
<kw name="Calculate two numbers should pass">
<arguments>
<arg>10</arg>
<arg>+</arg>
<arg>5</arg>
<arg>15</arg>
</arguments>
<kw name="Input Number" library="Calculator">
<arguments>
<arg>${number1}</arg>
</arguments>
<status status="PASS" starttime="20210303 18:39:52.264" endtime="20210303 18:39:52.264"></status>
</kw>
<kw name="Press Operator" library="Calculator">
<arguments>
<arg>${operator}</arg>
</arguments>
<status status="PASS" starttime="20210303 18:39:52.264" endtime="20210303 18:39:52.265"></status>
</kw>
<kw name="Input Number" library="Calculator">
<arguments>
<arg>${number2}</arg>
</arguments>
<status status="PASS" starttime="20210303 18:39:52.265" endtime="20210303 18:39:52.265"></status>
</kw>
<kw name="Press enter">
<kw name="Calculate" library="Calculator">
<status status="PASS" starttime="20210303 18:39:52.265" endtime="20210303 18:39:52.265"></status>
</kw>
<status status="PASS" starttime="20210303 18:39:52.265" endtime="20210303 18:39:52.265"></status>
</kw>
<kw name="Result Should Be" library="Calculator">
<arguments>
<arg>${result}</arg>
</arguments>
<status status="PASS" starttime="20210303 18:39:52.265" endtime="20210303 18:39:52.266"></status>
</kw>
<status status="PASS" starttime="20210303 18:39:52.264" endtime="20210303 18:39:52.266"></status>
</kw>
<kw name="Calculate two numbers should pass">
<arguments>
<arg>10</arg>
<arg>-</arg>
<arg>5</arg>
<arg>5</arg>
</arguments>
<kw name="Input Number" library="Calculator">
<arguments>
<arg>${number1}</arg>
</arguments>
<status status="PASS" starttime="20210303 18:39:52.266" endtime="20210303 18:39:52.266"></status>
</kw>
<kw name="Press Operator" library="Calculator">
<arguments>
<arg>${operator}</arg>
</arguments>
<status status="PASS" starttime="20210303 18:39:52.266" endtime="20210303 18:39:52.267"></status>
</kw>
<kw name="Input Number" library="Calculator">
<arguments>
<arg>${number2}</arg>
</arguments>
<status status="PASS" starttime="20210303 18:39:52.267" endtime="20210303 18:39:52.267"></status>
</kw>
<kw name="Press enter">
<kw name="Calculate" library="Calculator">
<status status="PASS" starttime="20210303 18:39:52.267" endtime="20210303 18:39:52.267"></status>
</kw>
<status status="PASS" starttime="20210303 18:39:52.267" endtime="20210303 18:39:52.267"></status>
</kw>
<kw name="Result Should Be" library="Calculator">
<arguments>
<arg>${result}</arg>
</arguments>
<status status="PASS" starttime="20210303 18:39:52.267" endtime="20210303 18:39:52.268"></status>
</kw>
<status status="PASS" starttime="20210303 18:39:52.266" endtime="20210303 18:39:52.268"></status>
</kw>
<kw name="Calculate two numbers should pass">
<arguments>
<arg>10</arg>
<arg>/</arg>
<arg>5</arg>
<arg>2</arg>
</arguments>
<kw name="Input Number" library="Calculator">
<arguments>
<arg>${number1}</arg>
</arguments>
<status status="PASS" starttime="20210303 18:39:52.268" endtime="20210303 18:39:52.268"></status>
</kw>
<kw name="Press Operator" library="Calculator">
<arguments>
<arg>${operator}</arg>
</arguments>
<status status="PASS" starttime="20210303 18:39:52.268" endtime="20210303 18:39:52.269"></status>
</kw>
<kw name="Input Number" library="Calculator">
<arguments>
<arg>${number2}</arg>
</arguments>
<status status="PASS" starttime="20210303 18:39:52.269" endtime="20210303 18:39:52.269"></status>
</kw>
<kw name="Press enter">
<kw name="Calculate" library="Calculator">
<status status="PASS" starttime="20210303 18:39:52.269" endtime="20210303 18:39:52.269"></status>
</kw>
<status status="PASS" starttime="20210303 18:39:52.269" endtime="20210303 18:39:52.269"></status>
</kw>
<kw name="Result Should Be" library="Calculator">
<arguments>
<arg>${result}</arg>
</arguments>
<status status="PASS" starttime="20210303 18:39:52.270" endtime="20210303 18:39:52.270"></status>
</kw>
<status status="PASS" starttime="20210303 18:39:52.268" endtime="20210303 18:39:52.270"></status>
</kw>
<kw name="Calculate two numbers should pass">
<arguments>
<arg>10</arg>
<arg>*</arg>
<arg>5</arg>
<arg>50</arg>
</arguments>
<kw name="Input Number" library="Calculator">
<arguments>
<arg>${number1}</arg>
</arguments>
<status status="PASS" starttime="20210303 18:39:52.270" endtime="20210303 18:39:52.270"></status>
</kw>
<kw name="Press Operator" library="Calculator">
<arguments>
<arg>${operator}</arg>
</arguments>
<status status="PASS" starttime="20210303 18:39:52.271" endtime="20210303 18:39:52.271"></status>
</kw>
<kw name="Input Number" library="Calculator">
<arguments>
<arg>${number2}</arg>
</arguments>
<status status="PASS" starttime="20210303 18:39:52.271" endtime="20210303 18:39:52.271"></status>
</kw>
<kw name="Press enter">
<kw name="Calculate" library="Calculator">
<status status="PASS" starttime="20210303 18:39:52.272" endtime="20210303 18:39:52.272"></status>
</kw>
<status status="PASS" starttime="20210303 18:39:52.271" endtime="20210303 18:39:52.272"></status>
</kw>
<kw name="Result Should Be" library="Calculator">
<arguments>
<arg>${result}</arg>
</arguments>
<status status="PASS" starttime="20210303 18:39:52.272" endtime="20210303 18:39:52.272"></status>
</kw>
<status status="PASS" starttime="20210303 18:39:52.270" endtime="20210303 18:39:52.272"></status>
</kw>
<kw name="Clear Calculator" type="teardown">
<kw name="Clear" library="Calculator">
<status status="PASS" starttime="20210303 18:39:52.273" endtime="20210303 18:39:52.273"></status>
</kw>
<status status="PASS" starttime="20210303 18:39:52.272" endtime="20210303 18:39:52.273"></status>
</kw>
<status status="PASS" starttime="20210303 18:39:52.263" endtime="20210303 18:39:52.273" critical="yes"></status>
</test>
<status status="FAIL" starttime="20210303 18:39:52.231" endtime="20210303 18:39:52.273"></status>
</suite>
<statistics>
<total>
<stat pass="2" fail="1">Critical Tests</stat>
<stat pass="2" fail="1">All Tests</stat>
</total>
<tag>
</tag>
<suite>
<stat pass="2" fail="1" id="s1" name="Calculator">Calculator</stat>
</suite>
</statistics>
<errors>
</errors>
</robot>
